<?xml version="1.0" encoding="UTF-8"?>
<testsuites name="validateLoginCreds" time="12.984" tests="1" failures="0" errors="0">
   <testsuite name="validateLoginCreds" tests="1" failures="0" errors="0" time="12.984" skipped="0" timestamp="02-07-2024T22:02:40" hostname="Yugeshvardhana - HYD00034.corp.resmed.org" id="Test Suites/validateLoginCreds">
      <properties>
         <property name="deviceName" value=""/>
         <property name="devicePlatform"/>
         <property name="logFolder" value="C:\\Users\\yugeshvardhana\\Katalon Studio\\DemoKatalon\\Reports\\20240702_220231\\validateLoginCreds\\20240702_220232"/>
         <property name="logFiles" value="C:\\Users\\yugeshvardhana\\Katalon Studio\\DemoKatalon\\Reports\\20240702_220231\\validateLoginCreds\\20240702_220232\\execution0.log"/>
         <property name="attachments" value=""/>
         <property name="hostName" value="Yugeshvardhana - HYD00034.corp.resmed.org"/>
         <property name="os" value="Windows 10 64bit"/>
         <property name="katalonVersion" value="9.5.0.217"/>
         <property name="browser" value="Chrome 125.0.0.0"/>
         <property name="hostAddress" value="192.168.0.117"/>
         <property name="sessionId" value="f1e959738a47bf0f0a2a73893144c1c8"/>
         <property name="seleniumVersion" value="3.141.59"/>
         <property name="proxyInformation" value="ProxyInformation { proxyOption=NO_PROXY, proxyServerType=HTTP, username=, password=********, proxyServerAddress=, proxyServerPort=0, executionList=&quot;&quot;, isApplyToDesiredCapabilities=true }"/>
         <property name="platform" value="Windows 10"/>
      </properties>
      <testcase name="Test Cases/TestCase1/LoginValidation" time="12.822" classname="Test Cases/TestCase1/LoginValidation" status="PASSED">
         <system-out><![CDATA[02-07-2024T22:02:40 - [TEST_CASE][PASSED] - Test Cases/TestCase1/LoginValidation: Test Cases/TestCase1/LoginValidation

02-07-2024T22:02:40 - [TEST_STEP][PASSED] - openBrowser(""): Browser is opened with url: ''

02-07-2024T22:02:41 - [MESSAGE][INFO] - Starting 'Chrome' driver

02-07-2024T22:02:41 - [MESSAGE][INFO] - Action delay is set to 0 milliseconds

02-07-2024T22:02:44 - [MESSAGE][PASSED] - Browser is opened with url: ''

02-07-2024T22:02:44 - [TEST_STEP][PASSED] - navigateToUrl("https://katalon-demo-cura.herokuapp.com/"): Navigate to 'https://katalon-demo-cura.herokuapp.com/' successfully

02-07-2024T22:02:48 - [MESSAGE][PASSED] - Navigate to 'https://katalon-demo-cura.herokuapp.com/' successfully

02-07-2024T22:02:48 - [TEST_STEP][PASSED] - click(findTestObject("Object Repository/Home_Page/h1_CURA Healthcare Service")): Object: 'Object Repository/Home_Page/h1_CURA Healthcare Service' is clicked on

02-07-2024T22:02:48 - [MESSAGE][PASSED] - Object: 'Object Repository/Home_Page/h1_CURA Healthcare Service' is clicked on

02-07-2024T22:02:48 - [TEST_STEP][PASSED] - verifyElementPresent(findTestObject("Object Repository/Home_Page/h1_CURA Healthcare Service"), 0): Object 'Object Repository/Home_Page/h1_CURA Healthcare Service' is present

02-07-2024T22:02:48 - [MESSAGE][WARNING] - Timeout '0' is invalid. Using default page load timeout: '30'

02-07-2024T22:02:49 - [MESSAGE][PASSED] - Object 'Object Repository/Home_Page/h1_CURA Healthcare Service' is present

02-07-2024T22:02:49 - [TEST_STEP][PASSED] - verifyElementClickable(findTestObject("Object Repository/Home_Page/a_Make Appointment")): Object 'Object Repository/Home_Page/a_Make Appointment' is clickable

02-07-2024T22:02:49 - [MESSAGE][PASSED] - Object 'Object Repository/Home_Page/a_Make Appointment' is clickable

02-07-2024T22:02:49 - [TEST_STEP][PASSED] - click(findTestObject("Object Repository/Home_Page/a_Make Appointment")): Object: 'Object Repository/Home_Page/a_Make Appointment' is clicked on

02-07-2024T22:02:50 - [MESSAGE][PASSED] - Object: 'Object Repository/Home_Page/a_Make Appointment' is clicked on

02-07-2024T22:02:50 - [TEST_STEP][PASSED] - setText(findTestObject("Object Repository/Home_Page/input_Username_username"), "John Doe"): Text 'John Doe' is set on object 'Object Repository/Home_Page/input_Username_username'

02-07-2024T22:02:51 - [MESSAGE][PASSED] - Text 'John Doe' is set on object 'Object Repository/Home_Page/input_Username_username'

02-07-2024T22:02:51 - [TEST_STEP][PASSED] - setEncryptedText(findTestObject("Object Repository/Home_Page/input_Password_password"), "g3/DOGG74jC3Flrr3yH+3D/yKbOqqUNM"): Text ****** has been set on object 'Object Repository/Home_Page/input_Password_password'

02-07-2024T22:02:52 - [MESSAGE][PASSED] - Text ****** has been set on object 'Object Repository/Home_Page/input_Password_password'

02-07-2024T22:02:52 - [TEST_STEP][PASSED] - verifyElementClickable(findTestObject("Object Repository/Home_Page/button_Login")): Object 'Object Repository/Home_Page/button_Login' is clickable

02-07-2024T22:02:52 - [MESSAGE][PASSED] - Object 'Object Repository/Home_Page/button_Login' is clickable

02-07-2024T22:02:52 - [TEST_STEP][PASSED] - click(findTestObject("Object Repository/Home_Page/button_Login")): Object: 'Object Repository/Home_Page/button_Login' is clicked on

02-07-2024T22:02:53 - [MESSAGE][PASSED] - Object: 'Object Repository/Home_Page/button_Login' is clicked on]]></system-out>
         <system-err><![CDATA[]]></system-err>
      </testcase>
      <system-out><![CDATA[02-07-2024T22:02:40 - [TEST_SUITE][PASSED] - validateLoginCreds: Test Cases/TestCase1/LoginValidation]]></system-out>
      <system-err><![CDATA[]]></system-err>
   </testsuite>
</testsuites>
