<?xml version="1.0" encoding="UTF-8"?>
<testsuites name="makeAnAppointment" time="57.32" tests="3" failures="0" errors="0">
   <testsuite name="makeAnAppointment" tests="3" failures="0" errors="0" time="57.32" skipped="0" timestamp="02-07-2024T22:31:03" hostname="Yugeshvardhana - HYD00034.corp.resmed.org" id="Test Suites/newTestSuite/makeAnAppointment">
      <properties>
         <property name="deviceName" value=""/>
         <property name="devicePlatform"/>
         <property name="logFolder" value="C:\\Users\\yugeshvardhana\\Katalon Studio\\DemoKatalon\\Reports\\20240702_223055\\newTestSuite\\makeAnAppointment\\20240702_223055"/>
         <property name="logFiles" value="C:\\Users\\yugeshvardhana\\Katalon Studio\\DemoKatalon\\Reports\\20240702_223055\\newTestSuite\\makeAnAppointment\\20240702_223055\\execution0.log"/>
         <property name="attachments" value=""/>
         <property name="hostName" value="Yugeshvardhana - HYD00034.corp.resmed.org"/>
         <property name="os" value="Windows 10 64bit"/>
         <property name="katalonVersion" value="9.5.0.217"/>
         <property name="browser" value="Chrome 125.0.0.0"/>
         <property name="hostAddress" value="192.168.0.117"/>
         <property name="sessionId" value="9bdef876bbb458e2248fb71973a09691"/>
         <property name="seleniumVersion" value="3.141.59"/>
         <property name="proxyInformation" value="ProxyInformation { proxyOption=NO_PROXY, proxyServerType=HTTP, username=, password=********, proxyServerAddress=, proxyServerPort=0, executionList=&quot;&quot;, isApplyToDesiredCapabilities=true }"/>
         <property name="platform" value="Windows 10"/>
      </properties>
      <testcase name="Test Cases/TestCase2/MakeAnAppointment1" time="21.338" classname="Test Cases/TestCase2/MakeAnAppointment1" status="PASSED">
         <system-out><![CDATA[02-07-2024T22:31:03 - [TEST_CASE][PASSED] - Test Cases/TestCase2/MakeAnAppointment1: Test Cases/TestCase2/MakeAnAppointment1

02-07-2024T22:31:04 - [TEST_STEP][PASSED] - openBrowser(""): Browser is opened with url: ''

02-07-2024T22:31:04 - [MESSAGE][INFO] - Starting 'Chrome' driver

02-07-2024T22:31:04 - [MESSAGE][INFO] - Action delay is set to 0 milliseconds

02-07-2024T22:31:08 - [MESSAGE][PASSED] - Browser is opened with url: ''

02-07-2024T22:31:08 - [TEST_STEP][PASSED] - navigateToUrl("https://katalon-demo-cura.herokuapp.com/"): Navigate to 'https://katalon-demo-cura.herokuapp.com/' successfully

02-07-2024T22:31:12 - [MESSAGE][PASSED] - Navigate to 'https://katalon-demo-cura.herokuapp.com/' successfully

02-07-2024T22:31:12 - [TEST_STEP][PASSED] - click(findTestObject("Object Repository/Home_Page/h1_CURA Healthcare Service")): Object: 'Object Repository/Home_Page/h1_CURA Healthcare Service' is clicked on

02-07-2024T22:31:12 - [MESSAGE][PASSED] - Object: 'Object Repository/Home_Page/h1_CURA Healthcare Service' is clicked on

02-07-2024T22:31:12 - [TEST_STEP][PASSED] - verifyElementPresent(findTestObject("Object Repository/Home_Page/h1_CURA Healthcare Service"), 0): Object 'Object Repository/Home_Page/h1_CURA Healthcare Service' is present

02-07-2024T22:31:12 - [MESSAGE][WARNING] - Timeout '0' is invalid. Using default page load timeout: '30'

02-07-2024T22:31:12 - [MESSAGE][PASSED] - Object 'Object Repository/Home_Page/h1_CURA Healthcare Service' is present

02-07-2024T22:31:12 - [TEST_STEP][PASSED] - verifyElementClickable(findTestObject("Object Repository/Home_Page/a_Make Appointment")): Object 'Object Repository/Home_Page/a_Make Appointment' is clickable

02-07-2024T22:31:13 - [MESSAGE][PASSED] - Object 'Object Repository/Home_Page/a_Make Appointment' is clickable

02-07-2024T22:31:13 - [TEST_STEP][PASSED] - click(findTestObject("Object Repository/Home_Page/a_Make Appointment")): Object: 'Object Repository/Home_Page/a_Make Appointment' is clicked on

02-07-2024T22:31:13 - [MESSAGE][PASSED] - Object: 'Object Repository/Home_Page/a_Make Appointment' is clicked on

02-07-2024T22:31:14 - [TEST_STEP][PASSED] - setText(findTestObject("Object Repository/Home_Page/input_Username_username"), "John Doe"): Text 'John Doe' is set on object 'Object Repository/Home_Page/input_Username_username'

02-07-2024T22:31:14 - [MESSAGE][PASSED] - Text 'John Doe' is set on object 'Object Repository/Home_Page/input_Username_username'

02-07-2024T22:31:14 - [TEST_STEP][PASSED] - setEncryptedText(findTestObject("Object Repository/Home_Page/input_Password_password"), "g3/DOGG74jC3Flrr3yH+3D/yKbOqqUNM"): Text ****** has been set on object 'Object Repository/Home_Page/input_Password_password'

02-07-2024T22:31:15 - [MESSAGE][PASSED] - Text ****** has been set on object 'Object Repository/Home_Page/input_Password_password'

02-07-2024T22:31:15 - [TEST_STEP][PASSED] - verifyElementClickable(findTestObject("Object Repository/Home_Page/button_Login")): Object 'Object Repository/Home_Page/button_Login' is clickable

02-07-2024T22:31:15 - [MESSAGE][PASSED] - Object 'Object Repository/Home_Page/button_Login' is clickable

02-07-2024T22:31:15 - [TEST_STEP][PASSED] - click(findTestObject("Object Repository/Home_Page/button_Login")): Object: 'Object Repository/Home_Page/button_Login' is clicked on

02-07-2024T22:31:16 - [MESSAGE][PASSED] - Object: 'Object Repository/Home_Page/button_Login' is clicked on

02-07-2024T22:31:16 - [TEST_STEP][PASSED] - verifyElementText(findTestObject("Object Repository/Home_Page/h2_Make Appointment"), "Make Appointment"): Actual text and expected text of test object 'Object Repository/Home_Page/h2_Make Appointment' are matched.

02-07-2024T22:31:16 - [MESSAGE][PASSED] - Actual text and expected text of test object 'Object Repository/Home_Page/h2_Make Appointment' are matched.

02-07-2024T22:31:16 - [TEST_STEP][PASSED] - verifyElementPresent(findTestObject("Object Repository/Home_Page/select_Tokyo CURA Healthcare Center        _5b4107"), 0): Object 'Object Repository/Home_Page/select_Tokyo CURA Healthcare Center        _5b4107' is present

02-07-2024T22:31:16 - [MESSAGE][WARNING] - Timeout '0' is invalid. Using default page load timeout: '30'

02-07-2024T22:31:17 - [MESSAGE][PASSED] - Object 'Object Repository/Home_Page/select_Tokyo CURA Healthcare Center        _5b4107' is present

02-07-2024T22:31:17 - [TEST_STEP][PASSED] - selectOptionByValue(findTestObject("Object Repository/Home_Page/select_Tokyo CURA Healthcare Center        _5b4107"), "Hongkong CURA Healthcare Center", true): All options with value 'Hongkong CURA Healthcare Center' are selected in object 'Object Repository/Home_Page/select_Tokyo CURA Healthcare Center        _5b4107'  using regular expression

02-07-2024T22:31:18 - [MESSAGE][PASSED] - All options with value 'Hongkong CURA Healthcare Center' are selected in object 'Object Repository/Home_Page/select_Tokyo CURA Healthcare Center        _5b4107'  using regular expression

02-07-2024T22:31:18 - [TEST_STEP][PASSED] - verifyElementVisible(findTestObject("Object Repository/Home_Page/label_Apply for hospital readmission")): Object 'Object Repository/Home_Page/label_Apply for hospital readmission' is visible

02-07-2024T22:31:18 - [MESSAGE][PASSED] - Object 'Object Repository/Home_Page/label_Apply for hospital readmission' is visible

02-07-2024T22:31:18 - [TEST_STEP][PASSED] - click(findTestObject("Object Repository/Home_Page/input_Apply for hospital readmission_hospit_63901f")): Object: 'Object Repository/Home_Page/input_Apply for hospital readmission_hospit_63901f' is clicked on

02-07-2024T22:31:18 - [MESSAGE][PASSED] - Object: 'Object Repository/Home_Page/input_Apply for hospital readmission_hospit_63901f' is clicked on

02-07-2024T22:31:18 - [TEST_STEP][PASSED] - verifyElementVisible(findTestObject("Object Repository/Home_Page/div_Healthcare Program                     _4552b2")): Object 'Object Repository/Home_Page/div_Healthcare Program                     _4552b2' is visible

02-07-2024T22:31:19 - [MESSAGE][PASSED] - Object 'Object Repository/Home_Page/div_Healthcare Program                     _4552b2' is visible

02-07-2024T22:31:19 - [TEST_STEP][PASSED] - click(findTestObject("Object Repository/Home_Page/input_Visit Date (Required)_visit_date")): Object: 'Object Repository/Home_Page/input_Visit Date (Required)_visit_date' is clicked on

02-07-2024T22:31:19 - [MESSAGE][PASSED] - Object: 'Object Repository/Home_Page/input_Visit Date (Required)_visit_date' is clicked on

02-07-2024T22:31:19 - [TEST_STEP][PASSED] - click(findTestObject("Object Repository/Home_Page/td_3")): Object: 'Object Repository/Home_Page/td_3' is clicked on

02-07-2024T22:31:20 - [MESSAGE][PASSED] - Object: 'Object Repository/Home_Page/td_3' is clicked on

02-07-2024T22:31:20 - [TEST_STEP][PASSED] - click(findTestObject("Object Repository/Home_Page/input_Visit Date (Required)_visit_date")): Object: 'Object Repository/Home_Page/input_Visit Date (Required)_visit_date' is clicked on

02-07-2024T22:31:20 - [MESSAGE][PASSED] - Object: 'Object Repository/Home_Page/input_Visit Date (Required)_visit_date' is clicked on

02-07-2024T22:31:20 - [TEST_STEP][PASSED] - rightClick(findTestObject("Object Repository/Home_Page/input_Visit Date (Required)_visit_date")): Object: 'Object Repository/Home_Page/input_Visit Date (Required)_visit_date' is right clicked on

02-07-2024T22:31:21 - [MESSAGE][PASSED] - Object: 'Object Repository/Home_Page/input_Visit Date (Required)_visit_date' is right clicked on

02-07-2024T22:31:21 - [TEST_STEP][PASSED] - verifyElementPresent(findTestObject("Object Repository/Home_Page/div_Visit Date (Required)"), 0): Object 'Object Repository/Home_Page/div_Visit Date (Required)' is present

02-07-2024T22:31:21 - [MESSAGE][WARNING] - Timeout '0' is invalid. Using default page load timeout: '30'

02-07-2024T22:31:21 - [MESSAGE][PASSED] - Object 'Object Repository/Home_Page/div_Visit Date (Required)' is present

02-07-2024T22:31:21 - [TEST_STEP][PASSED] - setText(findTestObject("Object Repository/Home_Page/textarea_Comment_comment"), "Yearly examination"): Text 'Yearly examination' is set on object 'Object Repository/Home_Page/textarea_Comment_comment'

02-07-2024T22:31:22 - [MESSAGE][PASSED] - Text 'Yearly examination' is set on object 'Object Repository/Home_Page/textarea_Comment_comment'

02-07-2024T22:31:22 - [TEST_STEP][PASSED] - verifyElementClickable(findTestObject("Object Repository/Home_Page/button_Book Appointment")): Object 'Object Repository/Home_Page/button_Book Appointment' is clickable

02-07-2024T22:31:22 - [MESSAGE][PASSED] - Object 'Object Repository/Home_Page/button_Book Appointment' is clickable

02-07-2024T22:31:22 - [TEST_STEP][PASSED] - click(findTestObject("Object Repository/Home_Page/button_Book Appointment")): Object: 'Object Repository/Home_Page/button_Book Appointment' is clicked on

02-07-2024T22:31:23 - [MESSAGE][PASSED] - Object: 'Object Repository/Home_Page/button_Book Appointment' is clicked on

02-07-2024T22:31:23 - [TEST_STEP][PASSED] - verifyElementText(findTestObject("Object Repository/Home_Page/h2_Appointment Confirmation"), "Appointment Confirmation"): Actual text and expected text of test object 'Object Repository/Home_Page/h2_Appointment Confirmation' are matched.

02-07-2024T22:31:23 - [MESSAGE][PASSED] - Actual text and expected text of test object 'Object Repository/Home_Page/h2_Appointment Confirmation' are matched.

02-07-2024T22:31:23 - [TEST_STEP][PASSED] - verifyElementClickable(findTestObject("Object Repository/Home_Page/a_Go to Homepage")): Object 'Object Repository/Home_Page/a_Go to Homepage' is clickable

02-07-2024T22:31:23 - [MESSAGE][PASSED] - Object 'Object Repository/Home_Page/a_Go to Homepage' is clickable

02-07-2024T22:31:23 - [TEST_STEP][PASSED] - click(findTestObject("Object Repository/Home_Page/a_Go to Homepage")): Object: 'Object Repository/Home_Page/a_Go to Homepage' is clicked on

02-07-2024T22:31:24 - [MESSAGE][PASSED] - Object: 'Object Repository/Home_Page/a_Go to Homepage' is clicked on

02-07-2024T22:31:24 - [TEST_STEP][PASSED] - closeBrowser(): Browser is closed

02-07-2024T22:31:24 - [MESSAGE][PASSED] - Browser is closed]]></system-out>
         <system-err><![CDATA[]]></system-err>
      </testcase>
      <testcase name="Test Cases/TestCase3/MakeAnAppointment2" time="17.862" classname="Test Cases/TestCase3/MakeAnAppointment2" status="PASSED">
         <system-out><![CDATA[02-07-2024T22:31:24 - [TEST_CASE][PASSED] - Test Cases/TestCase3/MakeAnAppointment2: Test Cases/TestCase3/MakeAnAppointment2

02-07-2024T22:31:25 - [TEST_STEP][PASSED] - openBrowser(""): Browser is opened with url: ''

02-07-2024T22:31:25 - [MESSAGE][INFO] - Starting 'Chrome' driver

02-07-2024T22:31:25 - [MESSAGE][INFO] - Action delay is set to 0 milliseconds

02-07-2024T22:31:26 - [MESSAGE][PASSED] - Browser is opened with url: ''

02-07-2024T22:31:26 - [TEST_STEP][PASSED] - navigateToUrl("https://katalon-demo-cura.herokuapp.com/"): Navigate to 'https://katalon-demo-cura.herokuapp.com/' successfully

02-07-2024T22:31:31 - [MESSAGE][PASSED] - Navigate to 'https://katalon-demo-cura.herokuapp.com/' successfully

02-07-2024T22:31:31 - [TEST_STEP][PASSED] - click(findTestObject("Object Repository/Home_Page/h1_CURA Healthcare Service")): Object: 'Object Repository/Home_Page/h1_CURA Healthcare Service' is clicked on

02-07-2024T22:31:31 - [MESSAGE][PASSED] - Object: 'Object Repository/Home_Page/h1_CURA Healthcare Service' is clicked on

02-07-2024T22:31:31 - [TEST_STEP][PASSED] - verifyElementPresent(findTestObject("Object Repository/Home_Page/h1_CURA Healthcare Service"), 0): Object 'Object Repository/Home_Page/h1_CURA Healthcare Service' is present

02-07-2024T22:31:31 - [MESSAGE][WARNING] - Timeout '0' is invalid. Using default page load timeout: '30'

02-07-2024T22:31:31 - [MESSAGE][PASSED] - Object 'Object Repository/Home_Page/h1_CURA Healthcare Service' is present

02-07-2024T22:31:31 - [TEST_STEP][PASSED] - verifyElementClickable(findTestObject("Object Repository/Home_Page/a_Make Appointment")): Object 'Object Repository/Home_Page/a_Make Appointment' is clickable

02-07-2024T22:31:32 - [MESSAGE][PASSED] - Object 'Object Repository/Home_Page/a_Make Appointment' is clickable

02-07-2024T22:31:32 - [TEST_STEP][PASSED] - click(findTestObject("Object Repository/Home_Page/a_Make Appointment")): Object: 'Object Repository/Home_Page/a_Make Appointment' is clicked on

02-07-2024T22:31:33 - [MESSAGE][PASSED] - Object: 'Object Repository/Home_Page/a_Make Appointment' is clicked on

02-07-2024T22:31:33 - [TEST_STEP][PASSED] - setText(findTestObject("Object Repository/Home_Page/input_Username_username"), "John Doe"): Text 'John Doe' is set on object 'Object Repository/Home_Page/input_Username_username'

02-07-2024T22:31:33 - [MESSAGE][PASSED] - Text 'John Doe' is set on object 'Object Repository/Home_Page/input_Username_username'

02-07-2024T22:31:33 - [TEST_STEP][PASSED] - setEncryptedText(findTestObject("Object Repository/Home_Page/input_Password_password"), "g3/DOGG74jC3Flrr3yH+3D/yKbOqqUNM"): Text ****** has been set on object 'Object Repository/Home_Page/input_Password_password'

02-07-2024T22:31:34 - [MESSAGE][PASSED] - Text ****** has been set on object 'Object Repository/Home_Page/input_Password_password'

02-07-2024T22:31:34 - [TEST_STEP][PASSED] - verifyElementClickable(findTestObject("Object Repository/Home_Page/button_Login")): Object 'Object Repository/Home_Page/button_Login' is clickable

02-07-2024T22:31:34 - [MESSAGE][PASSED] - Object 'Object Repository/Home_Page/button_Login' is clickable

02-07-2024T22:31:34 - [TEST_STEP][PASSED] - click(findTestObject("Object Repository/Home_Page/button_Login")): Object: 'Object Repository/Home_Page/button_Login' is clicked on

02-07-2024T22:31:35 - [MESSAGE][PASSED] - Object: 'Object Repository/Home_Page/button_Login' is clicked on

02-07-2024T22:31:35 - [TEST_STEP][PASSED] - verifyElementText(findTestObject("Object Repository/Home_Page/h2_Make Appointment"), "Make Appointment"): Actual text and expected text of test object 'Object Repository/Home_Page/h2_Make Appointment' are matched.

02-07-2024T22:31:35 - [MESSAGE][PASSED] - Actual text and expected text of test object 'Object Repository/Home_Page/h2_Make Appointment' are matched.

02-07-2024T22:31:35 - [TEST_STEP][PASSED] - verifyElementPresent(findTestObject("Object Repository/Home_Page/select_Tokyo CURA Healthcare Center        _5b4107"), 0): Object 'Object Repository/Home_Page/select_Tokyo CURA Healthcare Center        _5b4107' is present

02-07-2024T22:31:35 - [MESSAGE][WARNING] - Timeout '0' is invalid. Using default page load timeout: '30'

02-07-2024T22:31:35 - [MESSAGE][PASSED] - Object 'Object Repository/Home_Page/select_Tokyo CURA Healthcare Center        _5b4107' is present

02-07-2024T22:31:35 - [TEST_STEP][PASSED] - selectOptionByValue(findTestObject("Object Repository/Home_Page/select_Tokyo CURA Healthcare Center        _5b4107"), "Tokyo CURA Healthcare Center", true): All options with value 'Tokyo CURA Healthcare Center' are selected in object 'Object Repository/Home_Page/select_Tokyo CURA Healthcare Center        _5b4107'  using regular expression

02-07-2024T22:31:36 - [MESSAGE][PASSED] - All options with value 'Tokyo CURA Healthcare Center' are selected in object 'Object Repository/Home_Page/select_Tokyo CURA Healthcare Center        _5b4107'  using regular expression

02-07-2024T22:31:36 - [TEST_STEP][PASSED] - verifyElementVisible(findTestObject("Object Repository/Home_Page/label_Apply for hospital readmission")): Object 'Object Repository/Home_Page/label_Apply for hospital readmission' is visible

02-07-2024T22:31:36 - [MESSAGE][PASSED] - Object 'Object Repository/Home_Page/label_Apply for hospital readmission' is visible

02-07-2024T22:31:36 - [TEST_STEP][PASSED] - click(findTestObject("Object Repository/Home_Page/input_Apply for hospital readmission_hospit_63901f")): Object: 'Object Repository/Home_Page/input_Apply for hospital readmission_hospit_63901f' is clicked on

02-07-2024T22:31:37 - [MESSAGE][PASSED] - Object: 'Object Repository/Home_Page/input_Apply for hospital readmission_hospit_63901f' is clicked on

02-07-2024T22:31:37 - [TEST_STEP][PASSED] - verifyElementVisible(findTestObject("Object Repository/Home_Page/div_Healthcare Program                     _4552b2")): Object 'Object Repository/Home_Page/div_Healthcare Program                     _4552b2' is visible

02-07-2024T22:31:37 - [MESSAGE][PASSED] - Object 'Object Repository/Home_Page/div_Healthcare Program                     _4552b2' is visible

02-07-2024T22:31:37 - [TEST_STEP][PASSED] - click(findTestObject("Object Repository/Home_Page/input_Visit Date (Required)_visit_date")): Object: 'Object Repository/Home_Page/input_Visit Date (Required)_visit_date' is clicked on

02-07-2024T22:31:37 - [MESSAGE][PASSED] - Object: 'Object Repository/Home_Page/input_Visit Date (Required)_visit_date' is clicked on

02-07-2024T22:31:37 - [TEST_STEP][PASSED] - click(findTestObject("Object Repository/Home_Page/td_3")): Object: 'Object Repository/Home_Page/td_3' is clicked on

02-07-2024T22:31:38 - [MESSAGE][PASSED] - Object: 'Object Repository/Home_Page/td_3' is clicked on

02-07-2024T22:31:38 - [TEST_STEP][PASSED] - click(findTestObject("Object Repository/Home_Page/input_Visit Date (Required)_visit_date")): Object: 'Object Repository/Home_Page/input_Visit Date (Required)_visit_date' is clicked on

02-07-2024T22:31:38 - [MESSAGE][PASSED] - Object: 'Object Repository/Home_Page/input_Visit Date (Required)_visit_date' is clicked on

02-07-2024T22:31:38 - [TEST_STEP][PASSED] - rightClick(findTestObject("Object Repository/Home_Page/input_Visit Date (Required)_visit_date")): Object: 'Object Repository/Home_Page/input_Visit Date (Required)_visit_date' is right clicked on

02-07-2024T22:31:39 - [MESSAGE][PASSED] - Object: 'Object Repository/Home_Page/input_Visit Date (Required)_visit_date' is right clicked on

02-07-2024T22:31:39 - [TEST_STEP][PASSED] - verifyElementPresent(findTestObject("Object Repository/Home_Page/div_Visit Date (Required)"), 0): Object 'Object Repository/Home_Page/div_Visit Date (Required)' is present

02-07-2024T22:31:39 - [MESSAGE][WARNING] - Timeout '0' is invalid. Using default page load timeout: '30'

02-07-2024T22:31:39 - [MESSAGE][PASSED] - Object 'Object Repository/Home_Page/div_Visit Date (Required)' is present

02-07-2024T22:31:39 - [TEST_STEP][PASSED] - setText(findTestObject("Object Repository/Home_Page/textarea_Comment_comment"), "Yearly examination"): Text 'Yearly examination' is set on object 'Object Repository/Home_Page/textarea_Comment_comment'

02-07-2024T22:31:40 - [MESSAGE][PASSED] - Text 'Yearly examination' is set on object 'Object Repository/Home_Page/textarea_Comment_comment'

02-07-2024T22:31:40 - [TEST_STEP][PASSED] - verifyElementClickable(findTestObject("Object Repository/Home_Page/button_Book Appointment")): Object 'Object Repository/Home_Page/button_Book Appointment' is clickable

02-07-2024T22:31:40 - [MESSAGE][PASSED] - Object 'Object Repository/Home_Page/button_Book Appointment' is clickable

02-07-2024T22:31:40 - [TEST_STEP][PASSED] - click(findTestObject("Object Repository/Home_Page/button_Book Appointment")): Object: 'Object Repository/Home_Page/button_Book Appointment' is clicked on

02-07-2024T22:31:41 - [MESSAGE][PASSED] - Object: 'Object Repository/Home_Page/button_Book Appointment' is clicked on

02-07-2024T22:31:41 - [TEST_STEP][PASSED] - verifyElementText(findTestObject("Object Repository/Home_Page/h2_Appointment Confirmation"), "Appointment Confirmation"): Actual text and expected text of test object 'Object Repository/Home_Page/h2_Appointment Confirmation' are matched.

02-07-2024T22:31:41 - [MESSAGE][PASSED] - Actual text and expected text of test object 'Object Repository/Home_Page/h2_Appointment Confirmation' are matched.

02-07-2024T22:31:41 - [TEST_STEP][PASSED] - verifyElementClickable(findTestObject("Object Repository/Home_Page/a_Go to Homepage")): Object 'Object Repository/Home_Page/a_Go to Homepage' is clickable

02-07-2024T22:31:41 - [MESSAGE][PASSED] - Object 'Object Repository/Home_Page/a_Go to Homepage' is clickable

02-07-2024T22:31:41 - [TEST_STEP][PASSED] - click(findTestObject("Object Repository/Home_Page/a_Go to Homepage")): Object: 'Object Repository/Home_Page/a_Go to Homepage' is clicked on

02-07-2024T22:31:42 - [MESSAGE][PASSED] - Object: 'Object Repository/Home_Page/a_Go to Homepage' is clicked on

02-07-2024T22:31:42 - [TEST_STEP][PASSED] - closeBrowser(): Browser is closed

02-07-2024T22:31:42 - [MESSAGE][PASSED] - Browser is closed]]></system-out>
         <system-err><![CDATA[]]></system-err>
      </testcase>
      <testcase name="Test Cases/TestCase4/MakeAnAppointment3" time="17.872" classname="Test Cases/TestCase4/MakeAnAppointment3" status="PASSED">
         <system-out><![CDATA[02-07-2024T22:31:42 - [TEST_CASE][PASSED] - Test Cases/TestCase4/MakeAnAppointment3: Test Cases/TestCase4/MakeAnAppointment3

02-07-2024T22:31:42 - [TEST_STEP][PASSED] - openBrowser(""): Browser is opened with url: ''

02-07-2024T22:31:42 - [MESSAGE][INFO] - Starting 'Chrome' driver

02-07-2024T22:31:42 - [MESSAGE][INFO] - Action delay is set to 0 milliseconds

02-07-2024T22:31:44 - [MESSAGE][PASSED] - Browser is opened with url: ''

02-07-2024T22:31:44 - [TEST_STEP][PASSED] - navigateToUrl("https://katalon-demo-cura.herokuapp.com/"): Navigate to 'https://katalon-demo-cura.herokuapp.com/' successfully

02-07-2024T22:31:47 - [MESSAGE][PASSED] - Navigate to 'https://katalon-demo-cura.herokuapp.com/' successfully

02-07-2024T22:31:47 - [TEST_STEP][PASSED] - click(findTestObject("Object Repository/Home_Page/h1_CURA Healthcare Service")): Object: 'Object Repository/Home_Page/h1_CURA Healthcare Service' is clicked on

02-07-2024T22:31:48 - [MESSAGE][PASSED] - Object: 'Object Repository/Home_Page/h1_CURA Healthcare Service' is clicked on

02-07-2024T22:31:48 - [TEST_STEP][PASSED] - verifyElementPresent(findTestObject("Object Repository/Home_Page/h1_CURA Healthcare Service"), 0): Object 'Object Repository/Home_Page/h1_CURA Healthcare Service' is present

02-07-2024T22:31:48 - [MESSAGE][WARNING] - Timeout '0' is invalid. Using default page load timeout: '30'

02-07-2024T22:31:48 - [MESSAGE][PASSED] - Object 'Object Repository/Home_Page/h1_CURA Healthcare Service' is present

02-07-2024T22:31:48 - [TEST_STEP][PASSED] - verifyElementClickable(findTestObject("Object Repository/Home_Page/a_Make Appointment")): Object 'Object Repository/Home_Page/a_Make Appointment' is clickable

02-07-2024T22:31:48 - [MESSAGE][PASSED] - Object 'Object Repository/Home_Page/a_Make Appointment' is clickable

02-07-2024T22:31:48 - [TEST_STEP][PASSED] - click(findTestObject("Object Repository/Home_Page/a_Make Appointment")): Object: 'Object Repository/Home_Page/a_Make Appointment' is clicked on

02-07-2024T22:31:49 - [MESSAGE][PASSED] - Object: 'Object Repository/Home_Page/a_Make Appointment' is clicked on

02-07-2024T22:31:49 - [TEST_STEP][PASSED] - setText(findTestObject("Object Repository/Home_Page/input_Username_username"), "John Doe"): Text 'John Doe' is set on object 'Object Repository/Home_Page/input_Username_username'

02-07-2024T22:31:50 - [MESSAGE][PASSED] - Text 'John Doe' is set on object 'Object Repository/Home_Page/input_Username_username'

02-07-2024T22:31:50 - [TEST_STEP][PASSED] - setEncryptedText(findTestObject("Object Repository/Home_Page/input_Password_password"), "g3/DOGG74jC3Flrr3yH+3D/yKbOqqUNM"): Text ****** has been set on object 'Object Repository/Home_Page/input_Password_password'

02-07-2024T22:31:50 - [MESSAGE][PASSED] - Text ****** has been set on object 'Object Repository/Home_Page/input_Password_password'

02-07-2024T22:31:50 - [TEST_STEP][PASSED] - verifyElementClickable(findTestObject("Object Repository/Home_Page/button_Login")): Object 'Object Repository/Home_Page/button_Login' is clickable

02-07-2024T22:31:50 - [MESSAGE][PASSED] - Object 'Object Repository/Home_Page/button_Login' is clickable

02-07-2024T22:31:50 - [TEST_STEP][PASSED] - click(findTestObject("Object Repository/Home_Page/button_Login")): Object: 'Object Repository/Home_Page/button_Login' is clicked on

02-07-2024T22:31:51 - [MESSAGE][PASSED] - Object: 'Object Repository/Home_Page/button_Login' is clicked on

02-07-2024T22:31:51 - [TEST_STEP][PASSED] - verifyElementText(findTestObject("Object Repository/Home_Page/h2_Make Appointment"), "Make Appointment"): Actual text and expected text of test object 'Object Repository/Home_Page/h2_Make Appointment' are matched.

02-07-2024T22:31:52 - [MESSAGE][PASSED] - Actual text and expected text of test object 'Object Repository/Home_Page/h2_Make Appointment' are matched.

02-07-2024T22:31:52 - [TEST_STEP][PASSED] - verifyElementPresent(findTestObject("Object Repository/Home_Page/select_Tokyo CURA Healthcare Center        _5b4107"), 0): Object 'Object Repository/Home_Page/select_Tokyo CURA Healthcare Center        _5b4107' is present

02-07-2024T22:31:52 - [MESSAGE][WARNING] - Timeout '0' is invalid. Using default page load timeout: '30'

02-07-2024T22:31:52 - [MESSAGE][PASSED] - Object 'Object Repository/Home_Page/select_Tokyo CURA Healthcare Center        _5b4107' is present

02-07-2024T22:31:52 - [TEST_STEP][PASSED] - selectOptionByValue(findTestObject("Object Repository/Home_Page/select_Tokyo CURA Healthcare Center        _5b4107"), "Seoul CURA Healthcare Center", true): All options with value 'Seoul CURA Healthcare Center' are selected in object 'Object Repository/Home_Page/select_Tokyo CURA Healthcare Center        _5b4107'  using regular expression

02-07-2024T22:31:53 - [MESSAGE][PASSED] - All options with value 'Seoul CURA Healthcare Center' are selected in object 'Object Repository/Home_Page/select_Tokyo CURA Healthcare Center        _5b4107'  using regular expression

02-07-2024T22:31:53 - [TEST_STEP][PASSED] - verifyElementVisible(findTestObject("Object Repository/Home_Page/label_Apply for hospital readmission")): Object 'Object Repository/Home_Page/label_Apply for hospital readmission' is visible

02-07-2024T22:31:53 - [MESSAGE][PASSED] - Object 'Object Repository/Home_Page/label_Apply for hospital readmission' is visible

02-07-2024T22:31:53 - [TEST_STEP][PASSED] - click(findTestObject("Object Repository/Home_Page/input_Apply for hospital readmission_hospit_63901f")): Object: 'Object Repository/Home_Page/input_Apply for hospital readmission_hospit_63901f' is clicked on

02-07-2024T22:31:53 - [MESSAGE][PASSED] - Object: 'Object Repository/Home_Page/input_Apply for hospital readmission_hospit_63901f' is clicked on

02-07-2024T22:31:53 - [TEST_STEP][PASSED] - verifyElementVisible(findTestObject("Object Repository/Home_Page/div_Healthcare Program                     _4552b2")): Object 'Object Repository/Home_Page/div_Healthcare Program                     _4552b2' is visible

02-07-2024T22:31:54 - [MESSAGE][PASSED] - Object 'Object Repository/Home_Page/div_Healthcare Program                     _4552b2' is visible

02-07-2024T22:31:54 - [TEST_STEP][PASSED] - click(findTestObject("Object Repository/Home_Page/input_Visit Date (Required)_visit_date")): Object: 'Object Repository/Home_Page/input_Visit Date (Required)_visit_date' is clicked on

02-07-2024T22:31:54 - [MESSAGE][PASSED] - Object: 'Object Repository/Home_Page/input_Visit Date (Required)_visit_date' is clicked on

02-07-2024T22:31:54 - [TEST_STEP][PASSED] - click(findTestObject("Object Repository/Home_Page/td_3")): Object: 'Object Repository/Home_Page/td_3' is clicked on

02-07-2024T22:31:54 - [MESSAGE][PASSED] - Object: 'Object Repository/Home_Page/td_3' is clicked on

02-07-2024T22:31:55 - [TEST_STEP][PASSED] - click(findTestObject("Object Repository/Home_Page/input_Visit Date (Required)_visit_date")): Object: 'Object Repository/Home_Page/input_Visit Date (Required)_visit_date' is clicked on

02-07-2024T22:31:55 - [MESSAGE][PASSED] - Object: 'Object Repository/Home_Page/input_Visit Date (Required)_visit_date' is clicked on

02-07-2024T22:31:55 - [TEST_STEP][PASSED] - rightClick(findTestObject("Object Repository/Home_Page/input_Visit Date (Required)_visit_date")): Object: 'Object Repository/Home_Page/input_Visit Date (Required)_visit_date' is right clicked on

02-07-2024T22:31:55 - [MESSAGE][PASSED] - Object: 'Object Repository/Home_Page/input_Visit Date (Required)_visit_date' is right clicked on

02-07-2024T22:31:55 - [TEST_STEP][PASSED] - verifyElementPresent(findTestObject("Object Repository/Home_Page/div_Visit Date (Required)"), 0): Object 'Object Repository/Home_Page/div_Visit Date (Required)' is present

02-07-2024T22:31:55 - [MESSAGE][WARNING] - Timeout '0' is invalid. Using default page load timeout: '30'

02-07-2024T22:31:56 - [MESSAGE][PASSED] - Object 'Object Repository/Home_Page/div_Visit Date (Required)' is present

02-07-2024T22:31:56 - [TEST_STEP][PASSED] - setText(findTestObject("Object Repository/Home_Page/textarea_Comment_comment"), "Yearly examination"): Text 'Yearly examination' is set on object 'Object Repository/Home_Page/textarea_Comment_comment'

02-07-2024T22:31:56 - [MESSAGE][PASSED] - Text 'Yearly examination' is set on object 'Object Repository/Home_Page/textarea_Comment_comment'

02-07-2024T22:31:56 - [TEST_STEP][PASSED] - verifyElementClickable(findTestObject("Object Repository/Home_Page/button_Book Appointment")): Object 'Object Repository/Home_Page/button_Book Appointment' is clickable

02-07-2024T22:31:57 - [MESSAGE][PASSED] - Object 'Object Repository/Home_Page/button_Book Appointment' is clickable

02-07-2024T22:31:57 - [TEST_STEP][PASSED] - click(findTestObject("Object Repository/Home_Page/button_Book Appointment")): Object: 'Object Repository/Home_Page/button_Book Appointment' is clicked on

02-07-2024T22:31:57 - [MESSAGE][PASSED] - Object: 'Object Repository/Home_Page/button_Book Appointment' is clicked on

02-07-2024T22:31:57 - [TEST_STEP][PASSED] - verifyElementText(findTestObject("Object Repository/Home_Page/h2_Appointment Confirmation"), "Appointment Confirmation"): Actual text and expected text of test object 'Object Repository/Home_Page/h2_Appointment Confirmation' are matched.

02-07-2024T22:31:58 - [MESSAGE][PASSED] - Actual text and expected text of test object 'Object Repository/Home_Page/h2_Appointment Confirmation' are matched.

02-07-2024T22:31:58 - [TEST_STEP][PASSED] - verifyElementClickable(findTestObject("Object Repository/Home_Page/a_Go to Homepage")): Object 'Object Repository/Home_Page/a_Go to Homepage' is clickable

02-07-2024T22:31:58 - [MESSAGE][PASSED] - Object 'Object Repository/Home_Page/a_Go to Homepage' is clickable

02-07-2024T22:31:58 - [TEST_STEP][PASSED] - click(findTestObject("Object Repository/Home_Page/a_Go to Homepage")): Object: 'Object Repository/Home_Page/a_Go to Homepage' is clicked on

02-07-2024T22:31:59 - [MESSAGE][PASSED] - Object: 'Object Repository/Home_Page/a_Go to Homepage' is clicked on

02-07-2024T22:31:59 - [TEST_STEP][PASSED] - closeBrowser(): Browser is closed

02-07-2024T22:32:00 - [MESSAGE][PASSED] - Browser is closed]]></system-out>
         <system-err><![CDATA[]]></system-err>
      </testcase>
      <system-out><![CDATA[02-07-2024T22:31:03 - [TEST_SUITE][PASSED] - makeAnAppointment: Test Cases/TestCase4/MakeAnAppointment3]]></system-out>
      <system-err><![CDATA[]]></system-err>
   </testsuite>
</testsuites>
